<?xml version="1.0" encoding="UTF-8"?>
<!-- Generated by org.testng.reporters.JUnitReportReporter -->
<testsuite hostname="NB-QA-103" failures="0" tests="2" name="pruebas.Clase4Test" time="3.665" errors="0" timestamp="2023-07-08T17:14:17 ART" skipped="0">
  <testcase classname="pruebas.Clase4Test" name="login" time="2.202"/>
  <testcase classname="pruebas.Clase4Test" name="buscarPalabra" time="1.463"/>
</testsuite> <!-- pruebas.Clase4Test -->
