<?xml version="1.0" encoding="UTF-8"?>
<!-- Generated by org.testng.reporters.JUnitReportReporter -->
<testsuite hostname="NB-QA-103" failures="0" tests="3" name="pruebas.Clase6Test" time="5.819" errors="0" timestamp="2023-07-15T11:08:14 ART" skipped="0">
  <testcase classname="pruebas.Clase6Test" name="login" time="1.831"/>
  <testcase classname="pruebas.Clase6Test" name="login" time="2.195"/>
  <testcase classname="pruebas.Clase6Test" name="login" time="1.793"/>
</testsuite> <!-- pruebas.Clase6Test -->
