<?xml version="1.0" encoding="UTF-8"?>
<!-- Generated by org.testng.reporters.JUnitReportReporter -->
<testsuite hostname="NB-QA-103" failures="0" tests="2" name="Edit.CursoSelenium_1.PracticeTest_3" time="23.910" errors="0" timestamp="2023-07-08T11:47:05 ART" skipped="0">
  <testcase classname="Edit.CursoSelenium_1.PracticeTest_3" name="buscarPalabra" time="2.952"/>
  <testcase classname="Edit.CursoSelenium_1.PracticeTest_3" name="irAContactanos" time="20.958"/>
</testsuite> <!-- Edit.CursoSelenium_1.PracticeTest_3 -->
