<?xml version="1.0" encoding="UTF-8"?>
<!-- Generated by org.testng.reporters.JUnitReportReporter -->
<testsuite hostname="NB-QA-103" failures="0" tests="1" name="Edit.CursoSelenium_1.PracticeTest_2" time="23.748" errors="0" timestamp="2023-07-01T11:24:25 ART" skipped="0">
  <testcase classname="Edit.CursoSelenium_1.PracticeTest_2" name="registrarUsuario" time="23.748"/>
</testsuite> <!-- Edit.CursoSelenium_1.PracticeTest_2 -->
